<?xml version="1.0" encoding="UTF-8"?>
<testsuite name="com.example.jarvis.GovernmentIdControllerTest" tests="3" skipped="0" failures="0" errors="0" timestamp="2025-07-23T09:17:28.766Z" hostname="DESKTOP-94PECAB" time="0.456">
  <properties/>
  <testcase name="testGetUserByIdAndType_Success()" classname="com.example.jarvis.GovernmentIdControllerTest" time="0.415"/>
  <testcase name="testGetUserByIdAndType_NotFound()" classname="com.example.jarvis.GovernmentIdControllerTest" time="0.016"/>
  <testcase name="testGetUserByIdAndType_BadRequest()" classname="com.example.jarvis.GovernmentIdControllerTest" time="0.016"/>
  <system-out><![CDATA[14:47:23.037 [Test worker] INFO org.springframework.test.context.support.AnnotationConfigContextLoaderUtils -- Could not detect default configuration classes for test class [com.example.jarvis.GovernmentIdControllerTest]: GovernmentIdControllerTest does not declare any static, non-private, non-final, nested classes annotated with @Configuration.
14:47:23.255 [Test worker] INFO org.springframework.boot.test.context.SpringBootTestContextBootstrapper -- Found @SpringBootConfiguration com.example.jarvis.JarvisGovernmentApiServiceApplication for test class com.example.jarvis.GovernmentIdControllerTest

  .   ____          _            __ _ _
 /\\ / ___'_ __ _ _(_)_ __  __ _ \ \ \ \
( ( )\___ | '_ | '_| | '_ \/ _` | \ \ \ \
 \\/  ___)| |_)| | | | | || (_| |  ) ) ) )
  '  |____| .__|_| |_|_| |_\__, | / / / /
 =========|_|==============|___/=/_/_/_/
 :: Spring Boot ::                (v3.1.2)

2025-07-23T14:47:24.097+05:30  INFO 7328 --- [    Test worker] c.e.jarvis.GovernmentIdControllerTest    : Starting GovernmentIdControllerTest using Java 21.0.8 with PID 7328 (started by Admin in C:\works\jarvis-government-api-service)
2025-07-23T14:47:24.113+05:30  INFO 7328 --- [    Test worker] c.e.jarvis.GovernmentIdControllerTest    : No active profile set, falling back to 1 default profile: "default"
2025-07-23T14:47:28.689+05:30  INFO 7328 --- [    Test worker] o.s.b.t.m.w.SpringBootMockServletContext : Initializing Spring TestDispatcherServlet ''
2025-07-23T14:47:28.689+05:30  INFO 7328 --- [    Test worker] o.s.t.web.servlet.TestDispatcherServlet  : Initializing Servlet ''
2025-07-23T14:47:28.705+05:30  INFO 7328 --- [    Test worker] o.s.t.web.servlet.TestDispatcherServlet  : Completed initialization in 0 ms
2025-07-23T14:47:28.752+05:30  INFO 7328 --- [    Test worker] c.e.jarvis.GovernmentIdControllerTest    : Started GovernmentIdControllerTest in 5.132 seconds (process running for 7.186)
]]></system-out>
  <system-err><![CDATA[WARNING: A Java agent has been loaded dynamically (C:\Users\Admin\.gradle\caches\modules-2\files-2.1\net.bytebuddy\byte-buddy-agent\1.14.5\20f4e9b9d0ffb953657bfa4b92c0cceb27907d58\byte-buddy-agent-1.14.5.jar)
WARNING: If a serviceability tool is in use, please run with -XX:+EnableDynamicAgentLoading to hide this warning
WARNING: If a serviceability tool is not in use, please run with -Djdk.instrument.traceUsage for more information
WARNING: Dynamic loading of agents will be disallowed by default in a future release
]]></system-err>
</testsuite>
