<?xml version="1.0" encoding="UTF-8"?>
<testsuite name="com.example.jarvis.GovernmentIdControllerTest" tests="3" skipped="0" failures="0" errors="0" timestamp="2025-07-21T06:34:06.663Z" hostname="DESKTOP-94PECAB" time="0.464">
  <properties/>
  <testcase name="testGetUserByIdAndType_Success()" classname="com.example.jarvis.GovernmentIdControllerTest" time="0.406"/>
  <testcase name="testGetUserByIdAndType_NotFound()" classname="com.example.jarvis.GovernmentIdControllerTest" time="0.019"/>
  <testcase name="testGetUserByIdAndType_BadRequest()" classname="com.example.jarvis.GovernmentIdControllerTest" time="0.021"/>
  <system-out><![CDATA[12:04:01.169 [Test worker] INFO org.springframework.test.context.support.AnnotationConfigContextLoaderUtils -- Could not detect default configuration classes for test class [com.example.jarvis.GovernmentIdControllerTest]: GovernmentIdControllerTest does not declare any static, non-private, non-final, nested classes annotated with @Configuration.
12:04:01.375 [Test worker] INFO org.springframework.boot.test.context.SpringBootTestContextBootstrapper -- Found @SpringBootConfiguration com.example.jarvis.JarvisGovernmentApiServiceApplication for test class com.example.jarvis.GovernmentIdControllerTest

  .   ____          _            __ _ _
 /\\ / ___'_ __ _ _(_)_ __  __ _ \ \ \ \
( ( )\___ | '_ | '_| | '_ \/ _` | \ \ \ \
 \\/  ___)| |_)| | | | | || (_| |  ) ) ) )
  '  |____| .__|_| |_|_| |_\__, | / / / /
 =========|_|==============|___/=/_/_/_/
 :: Spring Boot ::                (v3.1.2)

2025-07-21T12:04:02.189+05:30  INFO 10444 --- [    Test worker] c.e.jarvis.GovernmentIdControllerTest    : Starting GovernmentIdControllerTest using Java 21.0.8 with PID 10444 (started by Admin in C:\jarvis-government-api-service)
2025-07-21T12:04:02.205+05:30  INFO 10444 --- [    Test worker] c.e.jarvis.GovernmentIdControllerTest    : No active profile set, falling back to 1 default profile: "default"
2025-07-21T12:04:06.563+05:30  INFO 10444 --- [    Test worker] o.s.b.t.m.w.SpringBootMockServletContext : Initializing Spring TestDispatcherServlet ''
2025-07-21T12:04:06.563+05:30  INFO 10444 --- [    Test worker] o.s.t.web.servlet.TestDispatcherServlet  : Initializing Servlet ''
2025-07-21T12:04:06.563+05:30  INFO 10444 --- [    Test worker] o.s.t.web.servlet.TestDispatcherServlet  : Completed initialization in 0 ms
2025-07-21T12:04:06.610+05:30  INFO 10444 --- [    Test worker] c.e.jarvis.GovernmentIdControllerTest    : Started GovernmentIdControllerTest in 4.893 seconds (process running for 6.951)
]]></system-out>
  <system-err><![CDATA[WARNING: A Java agent has been loaded dynamically (C:\Users\Admin\.gradle\caches\modules-2\files-2.1\net.bytebuddy\byte-buddy-agent\1.14.5\20f4e9b9d0ffb953657bfa4b92c0cceb27907d58\byte-buddy-agent-1.14.5.jar)
WARNING: If a serviceability tool is in use, please run with -XX:+EnableDynamicAgentLoading to hide this warning
WARNING: If a serviceability tool is not in use, please run with -Djdk.instrument.traceUsage for more information
WARNING: Dynamic loading of agents will be disallowed by default in a future release
]]></system-err>
</testsuite>
